A51 MACRO ASSEMBLER  19BEC0624_1C                                                         08/23/2021 00:17:38 PAGE     1


MACRO ASSEMBLER A51 V8.2.7.0
OBJECT MODULE PLACED IN .\Objects\19BEC0624_1c.obj
ASSEMBLER INVOKED BY: C:\Keil_v5\C51\BIN\A51.EXE 19BEC0624_1c.a51 SET(SMALL) DEBUG PRINT(.\Listings\19BEC0624_1c.lst) OB
                      JECT(.\Objects\19BEC0624_1c.obj) EP

LOC  OBJ            LINE     SOURCE

                       1     ;3.     Write an 8051 assembly language program to:
                       2     ;(a) Set SP = 0D, 
                       3     ;(b) Load a different value in each of RAM locations 0D, 0C, 0B, 0A, 09, and 08,
                       4     ;(c) POP each stack location into registers R0 - R4. Use the simulator to single-step and e
                             xamine the registers, the stack, and the stack pointer.
                       5     
                       6      ;Label Mnemonics       Operands        Addressing mode used    Machine cycle/Memory Byte  
                                  Type of Instruction     Comments        Flags getting affected by the Instruction.
                       7     ;------------------------------------------------------------------------------------------
                             -------------------------------------------  
0000                   8                             ORG     0000H                   ;Assembler Directive to indicate  b
                             egining of the program       
0000 75810D            9                             MOV     SP,#0DH                 ;Immediate                         
                                          1       3                               Data Transfer   Move immediate data to
                              accumulator      no flags affected
0003 750801           10                             MOV         08H, #01H           ;Immediate                         
                                          1       3                               Data Transfer   Move immediate data to
                              accumulator      no flags affected
0006 75099B           11                             MOV     09H, #9BH               ;Immediate                         
                                          1       3                               Data Transfer   Move immediate data to
                              accumulator      no flags affected
0009 750AEC           12                             MOV         0AH, #0ECH          ;Immediate                         
                                          1       3                               Data Transfer   Move immediate data to
                              accumulator      no flags affected
000C 750B06           13                             MOV     0BH, #06H               ;Immediate                         
                                          1       3                               Data Transfer   Move immediate data to
                              accumulator      no flags affected
000F 750C24           14                             MOV     0CH,#24H                ;Immediate                         
                                          1       3                               Data Transfer   Move immediate data to
                              accumulator      no flags affected
0012 750D21           15                             MOV     0DH,#21H                ;Immediate                         
                                          1       3                               Data Transfer   Move immediate data to
                              accumulator      no flags affected
0015 D000             16                             POP     0                               ;Direct                    
                                                  2       2                               Data Transfer   POP direct byt
                             e from stack      no flags affected
0017 D001             17                             POP     1                               ;Direct                    
                                                  2       2                               Data Transfer   POP direct byt
                             e from stack      no flags affected
0019 D002             18                             POP     2                               ;Direct                    
                                                  2       2                               Data Transfer   POP direct byt
                             e from stack      no flags affected
001B D003             19                             POP     3                               ;Direct                    
                                                  2       2                               Data Transfer   POP direct byt
                             e from stack      no flags affected
001D D004             20                             POP     4                               ;Direct                    
                                                  2       2                               Data Transfer   POP direct byt
                             e from stack      no flags affected
001F 80FE             21     HERE:           SJMP    HERE                    ;Relative                                  
                                  2       2       B                       ranching or program control     Short jump unc
                             onditionally to label HERE        no flags affected
                      22                             END                                                                
                                  ;       Assembler Directive to end the program  
                                                             ;Total  3       19      33      2               
A51 MACRO ASSEMBLER  19BEC0624_1C                                                         08/23/2021 00:17:38 PAGE     2

SYMBOL TABLE LISTING
------ ----- -------


N A M E             T Y P E  V A L U E   ATTRIBUTES

HERE . . . . . . .  C ADDR   001FH   A   
SP . . . . . . . .  D ADDR   0081H   A   


REGISTER BANK(S) USED: 0 


ASSEMBLY COMPLETE.  0 WARNING(S), 0 ERROR(S)
