C51 COMPILER V9.59.0.0   PIR_PRO                                                           08/24/2021 21:49:25 PAGE 1   


C51 COMPILER V9.59.0.0, COMPILATION OF MODULE PIR_PRO
OBJECT MODULE PLACED IN .\Objects\pir-pro.obj
COMPILER INVOKED BY: C:\Keil_v5\C51\BIN\C51.EXE pir-pro.c OPTIMIZE(8,SPEED) BROWSE DEBUG OBJECTEXTEND PRINT(.\Listings\p
                    -ir-pro.lst) TABS(2) OBJECT(.\Objects\pir-pro.obj)

line level    source

   1          #include <reg51.h>  //Header  f i l e inclusion for 8051
   2          #include <intrins.h> // for using nop ()  function
   3          
   4            void delay ( unsigned int rtime );      
   5            void command( unsigned char DATA);  
   6            int i=3;
   7            
   8            char str[7]={"0000 CM"};
   9          
  10            void display_lcd ( unsigned char location ,   unsigned  char  *d );
  11            void get_range ( void );
  12            sbit  trig = P3^5; //timer 1      
  13            sbit  echo = P3^2;//INTR 0      
  14            sbit LCDrs = P2^0; //The Register select  Pin
  15            sbit LCDrw = P2^1; //The Read/Write Pin
  16            sbit LCDen = P2^2; //The Enable Pin
  17            
  18          
  19            void main( void )
  20            {
  21   1        // i n i t i l a z e LCD
  22   1        command(0x30 ); //1 line and 5x7 matrix
  23   1        delay (1);  
  24   1        command(0x38 ); //2 line and 5x7 matrix
  25   1      
  26   1        delay (1);  
  27   1        command(0x0c ); //Display on ,  cursor  off
  28   1      
  29   1        delay (1);  
  30   1        command(0x01 ); //Clear display Screen
  31   1      
  32   1        delay (1);  
  33   1        command(0x06 ); // shift  cursor  to  right
  34   1      
  35   1        delay (1);  
  36   1          display_lcd (0x80 ,"obstacle at" ); //Display character String from location
  37   1          TMOD = 0x09 ;     //timer0 in 16 bit mode with  gate  enable
  38   1          TR0 = 1;      //timer run enabled   
  39   1          TH0 = 0x00 ;              
  40   1          TL0 = 0x00 ;              
  41   1      
  42   1          echo = 1; // setting  pin P3.2  as  input       
  43   1          while (1){              
  44   2          get_range ();             
  45   2          delay (2);              
  46   2          }             
  47   1      
  48   1        }               
  49            void delay ( unsigned int rtime )
  50            {
  51   1        unsigned  int r , s ;
  52   1        for ( r = 0;  r < rtime ; r++)
  53   1      for ( s = 0;  s < 1275; s++);
  54   1        }
C51 COMPILER V9.59.0.0   PIR_PRO                                                           08/24/2021 21:49:25 PAGE 2   

  55          
  56            void command( unsigned char DATA)
  57            {
  58   1        LCDrs = 0;
  59   1        LCDrw = 0;
  60   1        LCDen = 1; //Strobe the enable pin
  61   1        P1 = DATA; //Put the value on the pins
  62   1        LCDrs = 0;
  63   1        LCDrw = 0;
  64   1        LCDen = 0;
  65   1        }
  66          
  67           void display_lcd ( unsigned char location , unsigned char *d)
  68             {
  69   1        command(0x00 |  location );
  70   1        delay (1);  //10mS delay  generation
  71   1        while (*d)
  72   1        {
  73   2        LCDrs = 1;
  74   2        LCDrw = 0;
  75   2        LCDen = 1;  //Strobe the enable pin
  76   2        P1 = *d;  //Put the value on the pins
  77   2        LCDrs = 1;  
  78   2        LCDrw = 0;  
  79   2        LCDen = 0;  
  80   2        delay (1);  //10mS delay  generation
  81   2       
  82   2      
  83   2        }
  84   1        }
  85          void get_range(void)
  86          {
  87   1        int range=0;
  88   1        int timerval;
  89   1        TH0=0x00;
  90   1        TL0=0x00;
  91   1        trig=1;
  92   1       _nop_(); _nop_(); _nop_(); _nop_(); _nop_();
  93   1         _nop_(); _nop_(); _nop_(); _nop_(); _nop_();
  94   1        trig=0;
  95   1        while(INT0==0);
  96   1        while(INT0==1);
  97   1        timerval =TH0;
  98   1        timerval =(timerval <<8 ) |TL0;
  99   1        TH0 = 0xFF;
 100   1        TL0=0xFF;
 101   1        if(timerval<34300)
 102   1          range=timerval/54;
 103   1        else
 104   1          range=0;
 105   1        
 106   1      //converting to 4 digit
 107   1        while(range)
 108   1        {
 109   2          str[i]=0x30 | range % 10;
 110   2          range =range/10;
 111   2          i--;
 112   2        }
 113   1        display_lcd(0xC5,str);
 114   1      }
 115          
 116          
C51 COMPILER V9.59.0.0   PIR_PRO                                                           08/24/2021 21:49:25 PAGE 3   

 117          


MODULE INFORMATION:   STATIC OVERLAYABLE
   CODE SIZE        =    328    ----
   CONSTANT SIZE    =     12    ----
   XDATA SIZE       =   ----    ----
   PDATA SIZE       =   ----    ----
   DATA SIZE        =      9       5
   IDATA SIZE       =   ----    ----
   BIT SIZE         =   ----    ----
END OF MODULE INFORMATION.


C51 COMPILATION COMPLETE.  0 WARNING(S),  0 ERROR(S)
