A51 MACRO ASSEMBLER  TASK3_VIVA3                                                          09/29/2021 23:31:44 PAGE     1


MACRO ASSEMBLER A51 V8.2.7.0
OBJECT MODULE PLACED IN .\Objects\task3-viva3.obj
ASSEMBLER INVOKED BY: C:\Keil_v5\C51\BIN\A51.EXE task3-viva3.ASM SET(SMALL) DEBUG PRINT(.\Listings\task3-viva3.lst) OBJE
                      CT(.\Objects\task3-viva3.obj) EP

LOC  OBJ            LINE     SOURCE

                       1     ;Assume string of data is stored in code space starting at address 200 H as shown below MYD
                             ATA: “VIT VELLORE”. Write an 8051 ALP with comments to transfer
                       2     ;this string of data in reverse order -“EROLLEV TIV” to RAM locations inside the CPU starti
                             ng at 40H.
                       3     
                       4     ;label  mnemonics       Operands        comments                          adressing mode   
                                          machine cycle           memory byte             type of instruction
0000                   5                     ORG                     000H
0000 7400              6                     MOV                     A,#00H;         initialize acc=0               imme
                             diate                                1                                       3             
                                               data transfer
0002 90020A            7                     MOV                     DPTR,#020AH     ;dptr=200=source               imme
                             diate                                1                                       3             
                                               data transfer   
0005 790B              8                     MOV                     R1,#0BH     ;R1=22H=length of string   immediate   
                                                          1                                       3                               data transfer
0007 7840              9                     MOV                     R0,#40H     ;destination is 40H            immediat
                             e                            1                                       3                               data trasnfer
0009 E4               10     LOOP:   CLR             A                       ;clear acc                                 
                                                                                  1                                     
                               1                               boolean
000A 93               11                     MOVC            A,@A+DPTR       ;movc to access memory code                
                                                                  1                                       2             
                                               data trasnfer
000B F6               12                     MOV                     @R0,A           ;data moved to memory           dir
                             ect                                  1                                       1             
                                               data transfer
000C 1113             13                     ACALL           DECREMENT       ;decrease memory location                  
                                                                  1                                       1                               arithmetic
000E 08               14                     INC                     R0                      ;increase location poiner  
                                                                                  1                                     
                               1                               arithmetic
000F D9F8             15                     DJNZ            R1,LOOP         ;cont decreased,loop again                 
                                                                  2                                       2             
                                               program branching
0011 80FE             16     HERE:   SJMP            HERE        ; ALP completed                                        
                                                          2                                       2                               program branching
0013 E582             17     DECREMENT:MOV           A, DPL          ;move lower nibble to A         direct             
                                                  1                                       2                               data transfer 
0015 9401             18             SUBB            A, #01          ;decrement A                            immediate  
                                                          2                                       1                               arithmetic      
0017 5004             19             JNC             SKIP_DEC_DPTR; DPL is not zero                                     
                                                          2                                       2                               program branching
0019 74FF             20             MOV             A, #0XFF        ;check is dpl=0                         immediate  
                                                          1                                       2                               data transfer
001B 1583             21             DEC             DPH             ;decrement dph                                     
                                                                  1                                       1             
                                               arithmetic      parity                  
001D                  22     SKIP_DEC_DPTR:
001D F582             23                     MOV             DPL, A          ;move decrement A to dpl        direct     
                                                          1                                       2                               data transfer
001F 22               24             RET                                     ;return to calling line                    
                                                                  2                                       1             
                                               program branching
                      25     ;------------------------------------------------------------------------------------------
                             ---------------------------------------
0200                  26                     ORG                     0200H
A51 MACRO ASSEMBLER  TASK3_VIVA3                                                          09/29/2021 23:31:44 PAGE     2

0200 56495420         27                     DB                      "VIT VELLORE"
0204 56454C4C                
0208 4F5245                  
                      28                     END
A51 MACRO ASSEMBLER  TASK3_VIVA3                                                          09/29/2021 23:31:44 PAGE     3

SYMBOL TABLE LISTING
------ ----- -------


N A M E             T Y P E  V A L U E   ATTRIBUTES

DECREMENT. . . . .  C ADDR   0013H   A   
DPH. . . . . . . .  D ADDR   0083H   A   
DPL. . . . . . . .  D ADDR   0082H   A   
HERE . . . . . . .  C ADDR   0011H   A   
LOOP . . . . . . .  C ADDR   0009H   A   
SKIP_DEC_DPTR. . .  C ADDR   001DH   A   


REGISTER BANK(S) USED: 0 


ASSEMBLY COMPLETE.  0 WARNING(S), 0 ERROR(S)
